{"type":"server-started","port":62788,"host":"127.0.0.1","url_host":"localhost","url":"http://localhost:62788","screen_dir":"/Users/aryanmotgi/carecompanion/.superpowers/brainstorm/9280-1775078568"}
{"type":"screen-added","file":"/Users/aryanmotgi/carecompanion/.superpowers/brainstorm/9280-1775078568/main-problem.html"}
{"source":"user-event","type":"click","text":"D\n    \n      All of the above\n      The whole thing needs a rethink — simplify pages, clean up the dashboard, and make navigation feel native on mobile","choice":"d","id":null,"timestamp":1775078679248}
{"type":"screen-added","file":"/Users/aryanmotgi/carecompanion/.superpowers/brainstorm/9280-1775078568/core-features.html"}
{"source":"user-event","type":"click","text":"1\n    \n      AI Chat\n      Ask questions, get care advice, the \"brain\" of the app","choice":"chat","id":null,"timestamp":1775078875006}
{"source":"user-event","type":"click","text":"2\n    \n      Dashboard / Home\n      Health overview, alerts, activity timeline","choice":"dashboard","id":null,"timestamp":1775078875482}
{"source":"user-event","type":"click","text":"3\n    \n      Medications\n      Track meds, refill reminders","choice":"meds","id":null,"timestamp":1775078879368}
{"source":"user-event","type":"click","text":"4\n    \n      Appointments\n      Upcoming visits, scheduling","choice":"appointments","id":null,"timestamp":1775078879751}
{"source":"user-event","type":"click","text":"5\n    \n      Document Scanning\n      Scan prescriptions, lab reports, insurance cards","choice":"scans","id":null,"timestamp":1775078880765}
{"source":"user-event","type":"click","text":"6\n    \n      Connect Accounts\n      Link Google Calendar, health systems, insurance","choice":"connect","id":null,"timestamp":1775078881977}
{"source":"user-event","type":"click","text":"7\n    \n      Care Profile\n      Patient info, conditions, allergies, doctors","choice":"profile","id":null,"timestamp":1775078882474}
{"source":"user-event","type":"click","text":"8\n    \n      Settings\n      Notifications, preferences","choice":"settings","id":null,"timestamp":1775078882843}
{"type":"screen-added","file":"/Users/aryanmotgi/carecompanion/.superpowers/brainstorm/9280-1775078568/visual-style.html"}
{"type":"screen-added","file":"/Users/aryanmotgi/carecompanion/.superpowers/brainstorm/9280-1775078568/approaches.html"}
{"source":"user-event","type":"click","text":"A\n    \n      Light Touch — Clean up, don't restructure\n      Keep all 8 pages. Add a mobile bottom tab bar for the top 4 (Home, Chat, Care, Scan). Simplify dashboard layout. Fix spacing and hierarchy. Tuck profile/settings/connect behind a menu.\n      \n        Effort: Low  |  Risk: Low  |  Impact: Medium","choice":"a","id":null,"timestamp":1775079111288}
{"source":"user-event","type":"click","text":"B\n    \n      Recommended — Mobile-first rebuild of navigation & layout\n      4-tab bottom nav (Home, Chat, Care, Scan). Merge medications + appointments into a single \"Care\" tab with sub-sections. Dashboard becomes a focused home feed with cards. Profile/Connect/Settings behind avatar menu. Remove sidebar entirely. Every screen = one clear purpose.\n      \n        Effort: Medium  |  Risk: Low-Med  |  Impact: High — feels like a real app","choice":"b","id":null,"timestamp":1775079117979}
{"type":"screen-added","file":"/Users/aryanmotgi/carecompanion/.superpowers/brainstorm/9280-1775078568/design-navigation.html"}
{"type":"screen-added","file":"/Users/aryanmotgi/carecompanion/.superpowers/brainstorm/9280-1775078568/design-home.html"}
{"type":"screen-added","file":"/Users/aryanmotgi/carecompanion/.superpowers/brainstorm/9280-1775078568/design-care-tab.html"}
{"type":"screen-added","file":"/Users/aryanmotgi/carecompanion/.superpowers/brainstorm/9280-1775078568/design-profile-menu.html"}
{"type":"screen-added","file":"/Users/aryanmotgi/carecompanion/.superpowers/brainstorm/9280-1775078568/futuristic-polish.html"}
{"source":"user-event","type":"click","text":"1\n    \n      Smooth Page Transitions\n      Tabs slide left/right when switching. Cards fade-in on load with staggered timing (first card appears, then second, then third). Bottom sheets slide up with a spring animation.","choice":"transitions","id":null,"timestamp":1775079568143}
{"source":"user-event","type":"click","text":"2\n    \n      Subtle Glow Effects\n      Urgent cards pulse with a soft red glow. Active tab icon has a cyan glow underneath. The \"+\" button glows on hover. Gives a sci-fi HUD feel without being cheesy.","choice":"glow","id":null,"timestamp":1775079568532}
{"source":"user-event","type":"click","text":"3\n    \n      Animated Gradient Borders\n      Cards have a subtle moving gradient border on hover/focus — think a slow color shift from cyan → violet → blue around the card edge. Like a premium tech product.","choice":"gradients","id":null,"timestamp":1775079569038}
{"source":"user-event","type":"click","text":"4\n    \n      Micro-interactions\n      Buttons scale down slightly on press (like iOS). Segment control has a sliding pill animation. Tab icons bounce subtly when tapped. Cards lift slightly on hover with a shadow shift.","choice":"micro","id":null,"timestamp":1775079569720}
{"source":"user-event","type":"click","text":"5\n    \n      Ambient Background\n      Very subtle floating gradient blobs in the background (like Stripe's homepage). Slow-moving, blurred, barely visible — adds depth without distraction.","choice":"particles","id":null,"timestamp":1775079570081}
{"source":"user-event","type":"click","text":"6\n    \n      Skeleton Loading States\n      When data loads, show animated shimmer placeholders instead of spinners. The shimmer has a gradient sweep effect. Makes the app feel fast and polished.","choice":"skeleton","id":null,"timestamp":1775079570563}
{"source":"user-event","type":"click","text":"6\n    \n      Skeleton Loading States\n      When data loads, show animated shimmer placeholders instead of spinners. The shimmer has a gradient sweep effect. Makes the app feel fast and polished.","choice":"skeleton","id":null,"timestamp":1775079571674}
{"source":"user-event","type":"click","text":"7\n    \n      Number Animations\n      Health scores, refill countdowns, and dates animate/count up when they appear on screen. \"Refill in 18 days\" ticks into view. Feels alive and data-driven.","choice":"haptic","id":null,"timestamp":1775079572835}
{"type":"screen-added","file":"/Users/aryanmotgi/carecompanion/.superpowers/brainstorm/9280-1775078568/waiting.html"}
{"type":"screen-added","file":"/Users/aryanmotgi/carecompanion/.superpowers/brainstorm/9280-1775078568/spec-review.html"}
{"type":"screen-added","file":"/Users/aryanmotgi/carecompanion/.superpowers/brainstorm/9280-1775078568/waiting-2.html"}
{"type":"server-stopped","reason":"idle timeout"}
